[21:50:00] [ServerMain/INFO]: Environment: authHost='https://authserver.mojang.com', accountsHost='https://api.mojang.com', sessionHost='https://sessionserver.mojang.com', servicesHost='https://api.minecraftservices.com', name='PROD'
[21:50:00] [ServerMain/INFO]: Found new data pack file/bukkit, loading it automatically
[21:50:01] [Worker-Main-1/INFO]: Loaded 7 recipes
[21:50:03] [Server thread/INFO]: Starting minecraft server version 1.18.2
[21:50:03] [Server thread/INFO]: Loading properties
[21:50:03] [Server thread/INFO]: This server is running Paper version git-Paper-388 (MC: 1.18.2) (Implementing API version 1.18.2-R0.1-SNAPSHOT) (Git: fc9ee65 on ver/1.18.2)
[21:50:03] [Server thread/INFO]: Server Ping Player Sample Count: 12
[21:50:03] [Server thread/INFO]: Using 4 threads for Netty based IO
[21:50:03] [Server thread/INFO]: Default game type: SURVIVAL
[21:50:03] [Server thread/INFO]: Generating keypair
[21:50:03] [Server thread/INFO]: Starting Minecraft server on *:25565
[21:50:03] [Server thread/INFO]: Using epoll channel type
[21:50:03] [Server thread/INFO]: Paper: Using libdeflate (Linux x86_64) compression from Velocity.
[21:50:03] [Server thread/INFO]: Paper: Using OpenSSL 1.1.x (Linux x86_64) cipher from Velocity.
[21:50:03] [Server thread/INFO]: Server permissions file permissions.yml is empty, ignoring it
[21:50:03] [Server thread/WARN]: **** SERVER IS RUNNING IN OFFLINE/INSECURE MODE!
[21:50:03] [Server thread/WARN]: The server will make no attempt to authenticate usernames. Beware.
[21:50:03] [Server thread/WARN]: While this makes the game possible to play without internet access, it also opens up the ability for hackers to connect with any username they choose.
[21:50:03] [Server thread/WARN]: To change this, set "online-mode" to "true" in the server.properties file.
[21:50:03] [Server thread/INFO]: Preparing level "world"
[21:50:04] [Server thread/INFO]: -------- World Settings For [world] --------
[21:50:04] [Server thread/INFO]: Custom Map Seeds:  Village: 10387312 Desert: 14357617 Igloo: 14357618 Jungle: 14357619 Swamp: 14357620 Monument: 10387313 Ocean: 14357621 Shipwreck: 165745295 End City: 10387313 Slime: 987234911 Nether: 30084232 Mansion: 10387319 Fossil: 14357921 Portal: 34222645
[21:50:04] [Server thread/INFO]: Max TNT Explosions: 100
[21:50:04] [Server thread/INFO]: Tile Max Tick Time: 50ms Entity max Tick Time: 50ms
[21:50:04] [Server thread/INFO]: Experience Merge Radius: 3.0
[21:50:04] [Server thread/INFO]: Entity Activation Range: An 32 / Mo 32 / Ra 48 / Mi 16 / Tiv true / Isa false
[21:50:04] [Server thread/INFO]: Entity Tracking Range: Pl 48 / An 48 / Mo 48 / Mi 32 / Other 64
[21:50:04] [Server thread/INFO]: Hopper Transfer: 8 Hopper Check: 1 Hopper Amount: 1
[21:50:04] [Server thread/INFO]: Cactus Growth Modifier: 100%
[21:50:04] [Server thread/INFO]: Cane Growth Modifier: 100%
[21:50:04] [Server thread/INFO]: Melon Growth Modifier: 100%
[21:50:04] [Server thread/INFO]: Mushroom Growth Modifier: 100%
[21:50:04] [Server thread/INFO]: Pumpkin Growth Modifier: 100%
[21:50:04] [Server thread/INFO]: Sapling Growth Modifier: 100%
[21:50:04] [Server thread/INFO]: Beetroot Growth Modifier: 100%
[21:50:04] [Server thread/INFO]: Carrot Growth Modifier: 100%
[21:50:04] [Server thread/INFO]: Potato Growth Modifier: 100%
[21:50:04] [Server thread/INFO]: Wheat Growth Modifier: 100%
[21:50:04] [Server thread/INFO]: NetherWart Growth Modifier: 100%
[21:50:04] [Server thread/INFO]: Vine Growth Modifier: 100%
[21:50:04] [Server thread/INFO]: Cocoa Growth Modifier: 100%
[21:50:04] [Server thread/INFO]: Bamboo Growth Modifier: 100%
[21:50:04] [Server thread/INFO]: SweetBerry Growth Modifier: 100%
[21:50:04] [Server thread/INFO]: Kelp Growth Modifier: 100%
[21:50:04] [Server thread/INFO]: TwistingVines Growth Modifier: 100%
[21:50:04] [Server thread/INFO]: WeepingVines Growth Modifier: 100%
[21:50:04] [Server thread/INFO]: CaveVines Growth Modifier: 100%
[21:50:04] [Server thread/INFO]: GlowBerry Growth Modifier: 100%
[21:50:04] [Server thread/INFO]: View Distance: 10
[21:50:04] [Server thread/INFO]: Simulation Distance: 10
[21:50:04] [Server thread/INFO]: Item Merge Radius: 2.5
[21:50:04] [Server thread/INFO]: Item Despawn Rate: 6000
[21:50:04] [Server thread/INFO]: Allow Zombie Pigmen to spawn from portal blocks: true
[21:50:04] [Server thread/INFO]: Arrow Despawn Rate: 1200 Trident Respawn Rate:1200
[21:50:04] [Server thread/INFO]: Zombie Aggressive Towards Villager: true
[21:50:04] [Server thread/INFO]: Nerfing mobs spawned from spawners: false
[21:50:04] [Server thread/INFO]: Mob Spawn Range: 6
[21:50:10] [Server thread/INFO]: -------- World Settings For [world_nether] --------
[21:50:10] [Server thread/INFO]: Custom Map Seeds:  Village: 10387312 Desert: 14357617 Igloo: 14357618 Jungle: 14357619 Swamp: 14357620 Monument: 10387313 Ocean: 14357621 Shipwreck: 165745295 End City: 10387313 Slime: 987234911 Nether: 30084232 Mansion: 10387319 Fossil: 14357921 Portal: 34222645
[21:50:10] [Server thread/INFO]: Max TNT Explosions: 100
[21:50:10] [Server thread/INFO]: Tile Max Tick Time: 50ms Entity max Tick Time: 50ms
[21:50:10] [Server thread/INFO]: Experience Merge Radius: 3.0
[21:50:10] [Server thread/INFO]: Entity Activation Range: An 32 / Mo 32 / Ra 48 / Mi 16 / Tiv true / Isa false
[21:50:10] [Server thread/INFO]: Entity Tracking Range: Pl 48 / An 48 / Mo 48 / Mi 32 / Other 64
[21:50:10] [Server thread/INFO]: Hopper Transfer: 8 Hopper Check: 1 Hopper Amount: 1
[21:50:10] [Server thread/INFO]: Cactus Growth Modifier: 100%
[21:50:10] [Server thread/INFO]: Cane Growth Modifier: 100%
[21:50:10] [Server thread/INFO]: Melon Growth Modifier: 100%
[21:50:10] [Server thread/INFO]: Mushroom Growth Modifier: 100%
[21:50:10] [Server thread/INFO]: Pumpkin Growth Modifier: 100%
[21:50:10] [Server thread/INFO]: Sapling Growth Modifier: 100%
[21:50:10] [Server thread/INFO]: Beetroot Growth Modifier: 100%
[21:50:10] [Server thread/INFO]: Carrot Growth Modifier: 100%
[21:50:10] [Server thread/INFO]: Potato Growth Modifier: 100%
[21:50:10] [Server thread/INFO]: Wheat Growth Modifier: 100%
[21:50:10] [Server thread/INFO]: NetherWart Growth Modifier: 100%
[21:50:10] [Server thread/INFO]: Vine Growth Modifier: 100%
[21:50:10] [Server thread/INFO]: Cocoa Growth Modifier: 100%
[21:50:10] [Server thread/INFO]: Bamboo Growth Modifier: 100%
[21:50:10] [Server thread/INFO]: SweetBerry Growth Modifier: 100%
[21:50:10] [Server thread/INFO]: Kelp Growth Modifier: 100%
[21:50:10] [Server thread/INFO]: TwistingVines Growth Modifier: 100%
[21:50:10] [Server thread/INFO]: WeepingVines Growth Modifier: 100%
[21:50:10] [Server thread/INFO]: CaveVines Growth Modifier: 100%
[21:50:10] [Server thread/INFO]: GlowBerry Growth Modifier: 100%
[21:50:10] [Server thread/INFO]: View Distance: 10
[21:50:10] [Server thread/INFO]: Simulation Distance: 10
[21:50:10] [Server thread/INFO]: Item Merge Radius: 2.5
[21:50:10] [Server thread/INFO]: Item Despawn Rate: 6000
[21:50:10] [Server thread/INFO]: Allow Zombie Pigmen to spawn from portal blocks: true
[21:50:10] [Server thread/INFO]: Arrow Despawn Rate: 1200 Trident Respawn Rate:1200
[21:50:10] [Server thread/INFO]: Zombie Aggressive Towards Villager: true
[21:50:10] [Server thread/INFO]: Nerfing mobs spawned from spawners: false
[21:50:10] [Server thread/INFO]: Mob Spawn Range: 6
[21:50:12] [Server thread/INFO]: -------- World Settings For [world_the_end] --------
[21:50:12] [Server thread/INFO]: Custom Map Seeds:  Village: 10387312 Desert: 14357617 Igloo: 14357618 Jungle: 14357619 Swamp: 14357620 Monument: 10387313 Ocean: 14357621 Shipwreck: 165745295 End City: 10387313 Slime: 987234911 Nether: 30084232 Mansion: 10387319 Fossil: 14357921 Portal: 34222645
[21:50:12] [Server thread/INFO]: Max TNT Explosions: 100
[21:50:12] [Server thread/INFO]: Tile Max Tick Time: 50ms Entity max Tick Time: 50ms
[21:50:12] [Server thread/INFO]: Experience Merge Radius: 3.0
[21:50:12] [Server thread/INFO]: Entity Activation Range: An 32 / Mo 32 / Ra 48 / Mi 16 / Tiv true / Isa false
[21:50:12] [Server thread/INFO]: Entity Tracking Range: Pl 48 / An 48 / Mo 48 / Mi 32 / Other 64
[21:50:12] [Server thread/INFO]: Hopper Transfer: 8 Hopper Check: 1 Hopper Amount: 1
[21:50:12] [Server thread/INFO]: Cactus Growth Modifier: 100%
[21:50:12] [Server thread/INFO]: Cane Growth Modifier: 100%
[21:50:12] [Server thread/INFO]: Melon Growth Modifier: 100%
[21:50:12] [Server thread/INFO]: Mushroom Growth Modifier: 100%
[21:50:12] [Server thread/INFO]: Pumpkin Growth Modifier: 100%
[21:50:12] [Server thread/INFO]: Sapling Growth Modifier: 100%
[21:50:12] [Server thread/INFO]: Beetroot Growth Modifier: 100%
[21:50:12] [Server thread/INFO]: Carrot Growth Modifier: 100%
[21:50:12] [Server thread/INFO]: Potato Growth Modifier: 100%
[21:50:12] [Server thread/INFO]: Wheat Growth Modifier: 100%
[21:50:12] [Server thread/INFO]: NetherWart Growth Modifier: 100%
[21:50:12] [Server thread/INFO]: Vine Growth Modifier: 100%
[21:50:12] [Server thread/INFO]: Cocoa Growth Modifier: 100%
[21:50:12] [Server thread/INFO]: Bamboo Growth Modifier: 100%
[21:50:12] [Server thread/INFO]: SweetBerry Growth Modifier: 100%
[21:50:12] [Server thread/INFO]: Kelp Growth Modifier: 100%
[21:50:12] [Server thread/INFO]: TwistingVines Growth Modifier: 100%
[21:50:12] [Server thread/INFO]: WeepingVines Growth Modifier: 100%
[21:50:12] [Server thread/INFO]: CaveVines Growth Modifier: 100%
[21:50:12] [Server thread/INFO]: GlowBerry Growth Modifier: 100%
[21:50:12] [Server thread/INFO]: View Distance: 10
[21:50:12] [Server thread/INFO]: Simulation Distance: 10
[21:50:12] [Server thread/INFO]: Item Merge Radius: 2.5
[21:50:12] [Server thread/INFO]: Item Despawn Rate: 6000
[21:50:12] [Server thread/INFO]: Allow Zombie Pigmen to spawn from portal blocks: true
[21:50:12] [Server thread/INFO]: Arrow Despawn Rate: 1200 Trident Respawn Rate:1200
[21:50:12] [Server thread/INFO]: Zombie Aggressive Towards Villager: true
[21:50:12] [Server thread/INFO]: Nerfing mobs spawned from spawners: false
[21:50:12] [Server thread/INFO]: Mob Spawn Range: 6
[21:50:12] [Server thread/INFO]: Preparing start region for dimension minecraft:overworld
[21:50:12] [Worker-Main-1/INFO]: Preparing spawn area: 0%
[21:50:12] [Server thread/INFO]: Time elapsed: 395 ms
[21:50:13] [Server thread/INFO]: Preparing start region for dimension minecraft:the_nether
[21:50:13] [Server thread/INFO]: Time elapsed: 423 ms
[21:50:13] [Server thread/INFO]: Preparing start region for dimension minecraft:the_end
[21:50:13] [Server thread/INFO]: Time elapsed: 213 ms
[21:50:13] [Server thread/INFO]: Running delayed init tasks
[21:50:13] [Server thread/INFO]: Done (10.406s)! For help, type "help"
[21:50:13] [Server thread/INFO]: Timings Reset
[21:51:03] [Server thread/INFO]: --------- Help: Index ---------------------------
[21:51:03] [Server thread/INFO]: Use /help [n] to get page n of help.
[21:51:03] [Server thread/INFO]: Aliases: Lists command aliases
[21:51:03] [Server thread/INFO]: Bukkit: All commands for Bukkit
[21:51:03] [Server thread/INFO]: Minecraft: All commands for Minecraft
[21:51:03] [Server thread/INFO]: /advancement: A Mojang provided command.
[21:51:03] [Server thread/INFO]: /attribute: A Mojang provided command.
[21:51:03] [Server thread/INFO]: /ban: A Mojang provided command.
[21:51:03] [Server thread/INFO]: /ban-ip: A Mojang provided command.
[21:51:03] [Server thread/INFO]: /banlist: A Mojang provided command.
[21:51:03] [Server thread/INFO]: /bossbar: A Mojang provided command.
[21:51:03] [Server thread/INFO]: /clear: A Mojang provided command.
[21:51:03] [Server thread/INFO]: /clone: A Mojang provided command.
[21:51:03] [Server thread/INFO]: /data: A Mojang provided command.
[21:51:03] [Server thread/INFO]: /datapack: A Mojang provided command.
[21:51:03] [Server thread/INFO]: /debug: A Mojang provided command.
[21:51:03] [Server thread/INFO]: /defaultgamemode: A Mojang provided command.
[21:51:03] [Server thread/INFO]: /deop: A Mojang provided command.
[21:51:03] [Server thread/INFO]: /difficulty: A Mojang provided command.
[21:51:03] [Server thread/INFO]: /effect: A Mojang provided command.
[21:51:03] [Server thread/INFO]: /enchant: A Mojang provided command.
[21:51:03] [Server thread/INFO]: /execute: A Mojang provided command.
[21:51:03] [Server thread/INFO]: /experience: A Mojang provided command.
[21:51:03] [Server thread/INFO]: /fill: A Mojang provided command.
[21:51:03] [Server thread/INFO]: /forceload: A Mojang provided command.
[21:51:03] [Server thread/INFO]: /function: A Mojang provided command.
[21:51:03] [Server thread/INFO]: /gamemode: A Mojang provided command.
[21:51:03] [Server thread/INFO]: /gamerule: A Mojang provided command.
[21:51:03] [Server thread/INFO]: /give: A Mojang provided command.
[21:51:03] [Server thread/INFO]: /help: Shows the help menu
[21:51:03] [Server thread/INFO]: /item: A Mojang provided command.
[21:51:03] [Server thread/INFO]: /jfr: A Mojang provided command.
[21:51:03] [Server thread/INFO]: /kick: A Mojang provided command.
[21:51:03] [Server thread/INFO]: /kill: A Mojang provided command.
[21:51:03] [Server thread/INFO]: /list: A Mojang provided command.
[21:51:03] [Server thread/INFO]: /locate: A Mojang provided command.
[21:51:03] [Server thread/INFO]: /locatebiome: A Mojang provided command.
[21:51:03] [Server thread/INFO]: /loot: A Mojang provided command.
[21:51:03] [Server thread/INFO]: /me: A Mojang provided command.
[21:51:03] [Server thread/INFO]: /minecraft:help: A Mojang provided command.
[21:51:03] [Server thread/INFO]: /minecraft:reload: A Mojang provided command.
[21:51:03] [Server thread/INFO]: /msg: A Mojang provided command.
[21:51:03] [Server thread/INFO]: /mspt: View server tick times
[21:51:03] [Server thread/INFO]: /op: A Mojang provided command.
[21:51:03] [Server thread/INFO]: /paper: Paper related commands
[21:51:03] [Server thread/INFO]: /pardon: A Mojang provided command.
[21:51:03] [Server thread/INFO]: /pardon-ip: A Mojang provided command.
[21:51:03] [Server thread/INFO]: /particle: A Mojang provided command.
[21:51:03] [Server thread/INFO]: /perf: A Mojang provided command.
[21:51:03] [Server thread/INFO]: /placefeature: A Mojang provided command.
[21:51:03] [Server thread/INFO]: /playsound: A Mojang provided command.
[21:51:03] [Server thread/INFO]: /plugins: Gets a list of plugins running on the server
[21:51:03] [Server thread/INFO]: /recipe: A Mojang provided command.
[21:51:03] [Server thread/INFO]: /reload: Reloads the server configuration and plugins
[21:51:03] [Server thread/INFO]: /restart: Restarts the server
[21:51:03] [Server thread/INFO]: /save-all: A Mojang provided command.
[21:51:03] [Server thread/INFO]: /save-off: A Mojang provided command.
[21:51:03] [Server thread/INFO]: /save-on: A Mojang provided command.
[21:51:03] [Server thread/INFO]: /say: A Mojang provided command.
[21:51:03] [Server thread/INFO]: /schedule: A Mojang provided command.
[21:51:03] [Server thread/INFO]: /scoreboard: A Mojang provided command.
[21:51:03] [Server thread/INFO]: /seed: A Mojang provided command.
[21:51:03] [Server thread/INFO]: /setblock: A Mojang provided command.
[21:51:03] [Server thread/INFO]: /setidletimeout: A Mojang provided command.
[21:51:03] [Server thread/INFO]: /setworldspawn: A Mojang provided command.
[21:51:03] [Server thread/INFO]: /spawnpoint: A Mojang provided command.
[21:51:03] [Server thread/INFO]: /spectate: A Mojang provided command.
[21:51:03] [Server thread/INFO]: /spigot: Spigot related commands
[21:51:03] [Server thread/INFO]: /spreadplayers: A Mojang provided command.
[21:51:03] [Server thread/INFO]: /stop: A Mojang provided command.
[21:51:03] [Server thread/INFO]: /stopsound: A Mojang provided command.
[21:51:03] [Server thread/INFO]: /summon: A Mojang provided command.
[21:51:03] [Server thread/INFO]: /tag: A Mojang provided command.
[21:51:03] [Server thread/INFO]: /team: A Mojang provided command.
[21:51:03] [Server thread/INFO]: /teammsg: A Mojang provided command.
[21:51:03] [Server thread/INFO]: /teleport: A Mojang provided command.
[21:51:03] [Server thread/INFO]: /tell: A Mojang provided command.
[21:51:03] [Server thread/INFO]: /tellraw: A Mojang provided command.
[21:51:03] [Server thread/INFO]: /time: A Mojang provided command.
[21:51:03] [Server thread/INFO]: /timings: Manages Spigot Timings data to see performance of the server.
[21:51:03] [Server thread/INFO]: /title: A Mojang provided command.
[21:51:03] [Server thread/INFO]: /tm: A Mojang provided command.
[21:51:03] [Server thread/INFO]: /tp: A Mojang provided command.
[21:51:03] [Server thread/INFO]: /tps: Gets the current ticks per second for the server
[21:51:03] [Server thread/INFO]: /trigger: A Mojang provided command.
[21:51:03] [Server thread/INFO]: /version: Gets the version of this server including any plugins in use
[21:51:03] [Server thread/INFO]: /w: A Mojang provided command.
[21:51:03] [Server thread/INFO]: /weather: A Mojang provided command.
[21:51:03] [Server thread/INFO]: /whitelist: A Mojang provided command.
[21:51:03] [Server thread/INFO]: /worldborder: A Mojang provided command.
[21:51:03] [Server thread/INFO]: /xp: A Mojang provided command.
[21:51:05] [Server thread/INFO]: A player is required to run this command here
[21:51:07] [Server thread/INFO]: Stopping server
[21:51:07] [Server thread/INFO]: Saving players
[21:51:07] [Server thread/INFO]: Saving worlds
[21:51:08] [Server thread/INFO]: Saving chunks for level 'ServerLevel[world]'/minecraft:overworld
[21:51:11] [Server thread/INFO]: Saving chunks for level 'ServerLevel[world_nether]'/minecraft:the_nether
[21:51:11] [Server thread/INFO]: Saving chunks for level 'ServerLevel[world_the_end]'/minecraft:the_end
[21:51:11] [Server thread/INFO]: ThreadedAnvilChunkStorage (world): All chunks are saved
[21:51:11] [Server thread/INFO]: ThreadedAnvilChunkStorage (DIM-1): All chunks are saved
[21:51:11] [Server thread/INFO]: ThreadedAnvilChunkStorage (DIM1): All chunks are saved
[21:51:11] [Server thread/INFO]: ThreadedAnvilChunkStorage: All dimensions are saved
[21:51:11] [Server thread/INFO]: Flushing Chunk IO
[21:51:11] [Server thread/INFO]: Closing Thread Pool
[21:51:11] [Server thread/INFO]: Closing Server
